<?xml version="1.0" encoding="UTF-8"?>
<testsuite name="JUnit Jupiter" tests="8" skipped="0" failures="0" errors="0" time="0.141" hostname="W331AU" timestamp="2018-06-29T20:47:48">
<properties>
[...]
</properties>
<testcase name="testReduceSum()" classname="money.MoneyTest" time="0.02">
<system-out><![CDATA[
unique-id: [engine:junit-jupiter]/[class:money.MoneyTest]/[method:testReduceSum()]
display-name: testReduceSum()
]]></system-out>
</testcase>
<testcase name="testSimpleAddition()" classname="money.MoneyTest" time="0.005">
<system-out><![CDATA[
unique-id: [engine:junit-jupiter]/[class:money.MoneyTest]/[method:testSimpleAddition()]
display-name: testSimpleAddition()
]]></system-out>
</testcase>
<testcase name="testMultiplication()" classname="money.MoneyTest" time="0.001">
<system-out><![CDATA[
unique-id: [engine:junit-jupiter]/[class:money.MoneyTest]/[method:testMultiplication()]
display-name: testMultiplication()
]]></system-out>
</testcase>
<testcase name="testReduceMoney()" classname="money.MoneyTest" time="0.001">
<system-out><![CDATA[
unique-id: [engine:junit-jupiter]/[class:money.MoneyTest]/[method:testReduceMoney()]
display-name: testReduceMoney()
]]></system-out>
</testcase>
<testcase name="testCurrency()" classname="money.MoneyTest" time="0.001">
<system-out><![CDATA[
unique-id: [engine:junit-jupiter]/[class:money.MoneyTest]/[method:testCurrency()]
display-name: testCurrency()
]]></system-out>
</testcase>
<testcase name="testEquality()" classname="money.MoneyTest" time="0.004">
<system-out><![CDATA[
unique-id: [engine:junit-jupiter]/[class:money.MoneyTest]/[method:testEquality()]
display-name: testEquality()
]]></system-out>
</testcase>
<testcase name="testPlusReturnsSum()" classname="money.MoneyTest" time="0.001">
<system-out><![CDATA[
unique-id: [engine:junit-jupiter]/[class:money.MoneyTest]/[method:testPlusReturnsSum()]
display-name: testPlusReturnsSum()
]]></system-out>
</testcase>
<testcase name="testReduceMoneyDifferentCurrency()" classname="money.MoneyTest" time="0.001">
<system-out><![CDATA[
unique-id: [engine:junit-jupiter]/[class:money.MoneyTest]/[method:testReduceMoneyDifferentCurrency()]
display-name: testReduceMoneyDifferentCurrency()
]]></system-out>
</testcase>
<system-out><![CDATA[
unique-id: [engine:junit-jupiter]
display-name: JUnit Jupiter
]]></system-out>
</testsuite>
